2022-10-06 11:06:24,273 INFO o.a.j.u.JMeterUtils: Setting Locale to en_EN
2022-10-06 11:06:24,425 INFO o.a.j.JMeter: Loading user properties from: /usr/local/Cellar/jmeter/5.2.1/libexec/bin/user.properties
2022-10-06 11:06:24,435 INFO o.a.j.JMeter: Loading system properties from: /usr/local/Cellar/jmeter/5.2.1/libexec/bin/system.properties
2022-10-06 11:06:24,438 INFO o.a.j.JMeter: Copyright (c) 1998-2019 The Apache Software Foundation
2022-10-06 11:06:24,438 INFO o.a.j.JMeter: Version 5.2.1
2022-10-06 11:06:24,438 INFO o.a.j.JMeter: java.version=14.0.2
2022-10-06 11:06:24,438 INFO o.a.j.JMeter: java.vm.name=Java HotSpot(TM) 64-Bit Server VM
2022-10-06 11:06:24,439 INFO o.a.j.JMeter: os.name=Mac OS X
2022-10-06 11:06:24,439 INFO o.a.j.JMeter: os.arch=x86_64
2022-10-06 11:06:24,439 INFO o.a.j.JMeter: os.version=10.15.7
2022-10-06 11:06:24,439 INFO o.a.j.JMeter: file.encoding=UTF-8
2022-10-06 11:06:24,440 INFO o.a.j.JMeter: java.awt.headless=null
2022-10-06 11:06:24,440 INFO o.a.j.JMeter: Max memory     =1073741824
2022-10-06 11:06:24,440 INFO o.a.j.JMeter: Available Processors =4
2022-10-06 11:06:24,459 INFO o.a.j.JMeter: Default Locale=English (EN)
2022-10-06 11:06:24,460 INFO o.a.j.JMeter: JMeter  Locale=English (EN)
2022-10-06 11:06:24,460 INFO o.a.j.JMeter: JMeterHome=/usr/local/Cellar/jmeter/5.2.1/libexec
2022-10-06 11:06:24,460 INFO o.a.j.JMeter: user.dir  =/Users/17053910/Documents/Learning/eduworks/repo/eduworks-section-8
2022-10-06 11:06:24,461 INFO o.a.j.JMeter: PWD       =/Users/17053910/Documents/Learning/eduworks/repo/eduworks-section-8
2022-10-06 11:06:24,463 INFO o.a.j.JMeter: IP: 127.0.0.1 Name: MACG390AHF1QBJM.local FullName: localhost
2022-10-06 11:06:27,962 INFO o.a.j.g.a.LookAndFeelCommand: Installing Darcula LAF
2022-10-06 11:06:27,979 INFO o.a.j.g.a.LookAndFeelCommand: Using look and feel: com.bulenkov.darcula.DarculaLaf [Darcula]
2022-10-06 11:06:27,979 INFO o.a.j.JMeter: Setting LAF to: com.bulenkov.darcula.DarculaLaf
2022-10-06 11:06:28,135 INFO o.a.j.JMeter: Loaded icon properties from org/apache/jmeter/images/icon.properties
2022-10-06 11:06:29,453 INFO o.j.r.JARSourceHTTP: Requesting https://jmeter-plugins.org/repo/?installID=mac_os_x-ba2b80d27bfac751326746f050f1388f-gui
2022-10-06 11:06:31,688 INFO o.a.j.p.h.s.HTTPSamplerBase: Parser for text/html is org.apache.jmeter.protocol.http.parser.LagartoBasedHtmlParser
2022-10-06 11:06:31,689 INFO o.a.j.p.h.s.HTTPSamplerBase: Parser for application/xhtml+xml is org.apache.jmeter.protocol.http.parser.LagartoBasedHtmlParser
2022-10-06 11:06:31,689 INFO o.a.j.p.h.s.HTTPSamplerBase: Parser for application/xml is org.apache.jmeter.protocol.http.parser.LagartoBasedHtmlParser
2022-10-06 11:06:31,689 INFO o.a.j.p.h.s.HTTPSamplerBase: Parser for text/xml is org.apache.jmeter.protocol.http.parser.LagartoBasedHtmlParser
2022-10-06 11:06:31,689 INFO o.a.j.p.h.s.HTTPSamplerBase: Parser for text/vnd.wap.wml is org.apache.jmeter.protocol.http.parser.RegexpHTMLParser
2022-10-06 11:06:31,690 INFO o.a.j.p.h.s.HTTPSamplerBase: Parser for text/css is org.apache.jmeter.protocol.http.parser.CssParser
2022-10-06 11:06:32,229 INFO o.a.j.e.KeyToolUtils: keytool found at 'keytool'
2022-10-06 11:06:32,229 INFO o.a.j.p.h.p.ProxyControl: HTTP(S) Test Script Recorder SSL Proxy will use keys that support embedded 3rd party resources in file /usr/local/Cellar/jmeter/5.2.1/libexec/bin/proxyserver.jks
2022-10-06 11:06:32,429 INFO o.a.j.s.FileServer: Default base='/Users/17053910/Documents/Learning/eduworks/repo/eduworks-section-8'
2022-10-06 11:06:32,822 INFO o.a.j.s.SampleResult: Note: Sample TimeStamps are START times
2022-10-06 11:06:32,822 INFO o.a.j.s.SampleResult: sampleresult.default.encoding is set to ISO-8859-1
2022-10-06 11:06:32,822 INFO o.a.j.s.SampleResult: sampleresult.useNanoTime=true
2022-10-06 11:06:32,822 INFO o.a.j.s.SampleResult: sampleresult.nanoThreadSleep=5000
2022-10-06 11:06:32,845 INFO o.a.j.v.ViewResultsFullVisualizer: Add JavaFX to your Java installation if you want to use renderer: org.apache.jmeter.visualizers.RenderInBrowser
2022-10-06 11:06:39,880 INFO o.j.r.PluginManager: Plugins Status: [jpgc-json=2.7, jpgc-plugins-manager=1.3, jmeter-core=5.2.1, jmeter-ftp=5.2.1, jmeter-http=5.2.1, jmeter-jdbc=5.2.1, jmeter-jms=5.2.1, jmeter-junit=5.2.1, jmeter-java=5.2.1, jmeter-ldap=5.2.1, jmeter-mail=5.2.1, jmeter-mongodb=5.2.1, jmeter-native=5.2.1, jmeter-tcp=5.2.1, jmeter-components=5.2.1]
2022-10-06 11:06:39,883 INFO o.j.r.PluginManagerMenuItem: Plugins Manager has upgrades: [jpgc-plugins-manager]
2022-10-06 11:06:40,898 WARN o.j.r.h.StatsReporter: Failed to send repo stats
org.apache.http.conn.ConnectTimeoutException: Connect to jmeter-plugins.org:443 timed out
	at org.apache.http.conn.ssl.SSLSocketFactory.connectSocket(SSLSocketFactory.java:545) ~[httpclient-4.5.10.jar:4.5.10]
	at org.apache.http.conn.ssl.SSLSocketFactory.connectSocket(SSLSocketFactory.java:415) ~[httpclient-4.5.10.jar:4.5.10]
	at org.apache.http.impl.conn.DefaultClientConnectionOperator.openConnection(DefaultClientConnectionOperator.java:180) ~[httpclient-4.5.10.jar:4.5.10]
	at org.apache.http.impl.conn.ManagedClientConnectionImpl.open(ManagedClientConnectionImpl.java:326) ~[httpclient-4.5.10.jar:4.5.10]
	at org.apache.http.impl.client.DefaultRequestDirector.tryConnect(DefaultRequestDirector.java:605) ~[httpclient-4.5.10.jar:4.5.10]
	at org.apache.http.impl.client.DefaultRequestDirector.execute(DefaultRequestDirector.java:440) ~[httpclient-4.5.10.jar:4.5.10]
	at org.apache.http.impl.client.AbstractHttpClient.doExecute(AbstractHttpClient.java:835) ~[httpclient-4.5.10.jar:4.5.10]
	at org.apache.http.impl.client.CloseableHttpClient.execute(CloseableHttpClient.java:83) ~[httpclient-4.5.10.jar:4.5.10]
	at org.apache.http.impl.client.CloseableHttpClient.execute(CloseableHttpClient.java:56) ~[httpclient-4.5.10.jar:4.5.10]
	at org.jmeterplugins.repository.JARSourceHTTP.execute(JARSourceHTTP.java:499) ~[jmeter-plugins-manager-1.3.jar:?]
	at org.jmeterplugins.repository.JARSourceHTTP.execute(JARSourceHTTP.java:494) ~[jmeter-plugins-manager-1.3.jar:?]
	at org.jmeterplugins.repository.JARSourceHTTP.reportStats(JARSourceHTTP.java:451) ~[jmeter-plugins-manager-1.3.jar:?]
	at org.jmeterplugins.repository.http.StatsReporter.run(StatsReporter.java:24) [jmeter-plugins-manager-1.3.jar:?]
2022-10-06 11:07:05,312 INFO o.a.j.g.a.Load: Loading file: /Users/17053910/Desktop/jenius_qe/automation-jmeter/TestDataScript/Register User SIT - Ana.jmx
2022-10-06 11:07:05,313 INFO o.a.j.s.FileServer: Set new base='/Users/17053910/Desktop/jenius_qe/automation-jmeter/TestDataScript'
2022-10-06 11:07:05,505 INFO o.a.j.s.SaveService: Testplan (JMX) version: 2.2. Testlog (JTL) version: 2.2
2022-10-06 11:07:05,520 INFO o.a.j.s.SaveService: Using SaveService properties version 5.0
2022-10-06 11:07:05,524 INFO o.a.j.s.SaveService: Using SaveService properties file encoding UTF-8
2022-10-06 11:07:05,526 INFO o.a.j.s.SaveService: Loading file: /Users/17053910/Desktop/jenius_qe/automation-jmeter/TestDataScript/Register User SIT - Ana.jmx
2022-10-06 11:07:06,395 INFO o.a.j.v.ViewResultsFullVisualizer: Add JavaFX to your Java installation if you want to use renderer: org.apache.jmeter.visualizers.RenderInBrowser
2022-10-06 11:07:06,553 INFO o.a.j.v.ViewResultsFullVisualizer: Add JavaFX to your Java installation if you want to use renderer: org.apache.jmeter.visualizers.RenderInBrowser
2022-10-06 11:07:06,665 INFO o.a.j.v.ViewResultsFullVisualizer: Add JavaFX to your Java installation if you want to use renderer: org.apache.jmeter.visualizers.RenderInBrowser
2022-10-06 11:07:06,750 INFO o.a.j.s.FileServer: Set new base='/Users/17053910/Desktop/jenius_qe/automation-jmeter/TestDataScript'
